# JRE version: OpenJDK Runtime Environment Temurin-21.0.8+9 (21.0.8+9) (build 21.0.8+9-LTS)
# Java VM: OpenJDK 64-Bit Server VM Temurin-21.0.8+9 (21.0.8+9-LTS, mixed mode, emulated-client, sharing, tiered, compressed oops, compressed class ptrs, g1 gc, windows-amd64)
GC Precious Log:
 CardTable entry size: 512
 Card Set container configuration: InlinePtr #cards 4 size 8 Array Of Cards #cards 16 size 48 Howl #buckets 8 coarsen threshold 3686 Howl Bitmap #cards 512 size 80 coarsen threshold 460 Card regions per heap region 1 cards per card region 4096
 CPUs: 8 total, 8 available
 Memory: 16050M
 Large Page Support: Disabled
 NUMA Support: Disabled
 Compressed Oops: Enabled (Zero based)
 Heap Region Size: 2M
 Heap Min Capacity: 8M
 Heap Initial Capacity: 252M
 Heap Max Capacity: 4014M
 Pre-touch: Disabled
 Parallel Workers: 8
 Concurrent Workers: 2
 Concurrent Refinement Workers: 8
 Periodic GC: Disabled
Heap:
 garbage-first heap   total 102400K, used 79295K [0x0000000705200000, 0x0000000800000000)
  region size 2048K, 20 young (40960K), 2 survivors (4096K)
 Metaspace       used 94190K, committed 94976K, reserved 1179648K
  class space    used 13295K, committed 13632K, reserved 1048576K
GC Heap History (20 events):
Event: 3.122 GC heap before
{Heap before GC invocations=7 (full 0):
 garbage-first heap   total 61440K, used 47028K [0x0000000705200000, 0x0000000800000000)
  region size 2048K, 14 young (28672K), 1 survivors (2048K)
 Metaspace       used 30345K, committed 30912K, reserved 1114112K
  class space    used 4144K, committed 4416K, reserved 1048576K
}
Event: 3.124 GC heap after
{Heap after GC invocations=8 (full 0):
 garbage-first heap   total 159744K, used 22263K [0x0000000705200000, 0x0000000800000000)
  region size 2048K, 1 young (2048K), 1 survivors (2048K)
 Metaspace       used 30345K, committed 30912K, reserved 1114112K
  class space    used 4144K, committed 4416K, reserved 1048576K
}
Event: 3.697 GC heap before
{Heap before GC invocations=8 (full 0):
 garbage-first heap   total 159744K, used 48887K [0x0000000705200000, 0x0000000800000000)
  region size 2048K, 16 young (32768K), 1 survivors (2048K)
 Metaspace       used 35581K, committed 36160K, reserved 1114112K
  class space    used 5011K, committed 5248K, reserved 1048576K
}
Event: 3.702 GC heap after
{Heap after GC invocations=9 (full 0):
 garbage-first heap   total 159744K, used 24348K [0x0000000705200000, 0x0000000800000000)
  region size 2048K, 2 young (4096K), 2 survivors (4096K)
 Metaspace       used 35581K, committed 36160K, reserved 1114112K
  class space    used 5011K, committed 5248K, reserved 1048576K
}
Event: 4.786 GC heap before
{Heap before GC invocations=10 (full 0):
 garbage-first heap   total 81920K, used 69404K [0x0000000705200000, 0x0000000800000000)
  region size 2048K, 24 young (49152K), 2 survivors (4096K)
 Metaspace       used 47922K, committed 48512K, reserved 1114112K
  class space    used 6766K, committed 7040K, reserved 1048576K
}
Event: 4.790 GC heap after
{Heap after GC invocations=11 (full 0):
 garbage-first heap   total 81920K, used 28185K [0x0000000705200000, 0x0000000800000000)
  region size 2048K, 3 young (6144K), 3 survivors (6144K)
 Metaspace       used 47922K, committed 48512K, reserved 1114112K
  class space    used 6766K, committed 7040K, reserved 1048576K
}
Event: 5.611 GC heap before
{Heap before GC invocations=11 (full 0):
 garbage-first heap   total 81920K, used 67097K [0x0000000705200000, 0x0000000800000000)
  region size 2048K, 23 young (47104K), 3 survivors (6144K)
 Metaspace       used 57668K, committed 58304K, reserved 1114112K
  class space    used 8095K, committed 8384K, reserved 1048576K
}
Event: 5.617 GC heap after
{Heap after GC invocations=12 (full 0):
 garbage-first heap   total 81920K, used 30142K [0x0000000705200000, 0x0000000800000000)
  region size 2048K, 2 young (4096K), 2 survivors (4096K)
 Metaspace       used 57668K, committed 58304K, reserved 1114112K
  class space    used 8095K, committed 8384K, reserved 1048576K
}
Event: 5.853 GC heap before
{Heap before GC invocations=12 (full 0):
 garbage-first heap   total 81920K, used 40382K [0x0000000705200000, 0x0000000800000000)
  region size 2048K, 8 young (16384K), 2 survivors (4096K)
 Metaspace       used 59912K, committed 60480K, reserved 1114112K
  class space    used 8501K, committed 8768K, reserved 1048576K
}
Event: 5.855 GC heap after
{Heap after GC invocations=13 (full 0):
 garbage-first heap   total 81920K, used 30537K [0x0000000705200000, 0x0000000800000000)
  region size 2048K, 2 young (4096K), 2 survivors (4096K)
 Metaspace       used 59912K, committed 60480K, reserved 1114112K
  class space    used 8501K, committed 8768K, reserved 1048576K
}
Event: 6.279 GC heap before
{Heap before GC invocations=14 (full 0):
 garbage-first heap   total 81920K, used 67401K [0x0000000705200000, 0x0000000800000000)
  region size 2048K, 21 young (43008K), 2 survivors (4096K)
 Metaspace       used 63839K, committed 64576K, reserved 1114112K
  class space    used 9076K, committed 9408K, reserved 1048576K
}
Event: 6.283 GC heap after
{Heap after GC invocations=15 (full 0):
 garbage-first heap   total 81920K, used 34722K [0x0000000705200000, 0x0000000800000000)
  region size 2048K, 3 young (6144K), 3 survivors (6144K)
 Metaspace       used 63839K, committed 64576K, reserved 1114112K
  class space    used 9076K, committed 9408K, reserved 1048576K
}
Event: 6.759 GC heap before
{Heap before GC invocations=15 (full 0):
 garbage-first heap   total 81920K, used 71586K [0x0000000705200000, 0x0000000800000000)
  region size 2048K, 21 young (43008K), 3 survivors (6144K)
 Metaspace       used 68367K, committed 68992K, reserved 1114112K
  class space    used 9736K, committed 9984K, reserved 1048576K
}
Event: 6.765 GC heap after
{Heap after GC invocations=16 (full 0):
 garbage-first heap   total 83968K, used 37376K [0x0000000705200000, 0x0000000800000000)
  region size 2048K, 2 young (4096K), 2 survivors (4096K)
 Metaspace       used 68367K, committed 68992K, reserved 1114112K
  class space    used 9736K, committed 9984K, reserved 1048576K
}
Event: 7.266 GC heap before
{Heap before GC invocations=16 (full 0):
 garbage-first heap   total 83968K, used 72192K [0x0000000705200000, 0x0000000800000000)
  region size 2048K, 19 young (38912K), 2 survivors (4096K)
 Metaspace       used 74292K, committed 75072K, reserved 1114112K
  class space    used 10733K, committed 11072K, reserved 1048576K
}
Event: 7.269 GC heap after
{Heap after GC invocations=17 (full 0):
 garbage-first heap   total 102400K, used 39588K [0x0000000705200000, 0x0000000800000000)
  region size 2048K, 3 young (6144K), 3 survivors (6144K)
 Metaspace       used 74292K, committed 75072K, reserved 1114112K
  class space    used 10733K, committed 11072K, reserved 1048576K
}
Event: 9.744 GC heap before
{Heap before GC invocations=17 (full 0):
 garbage-first heap   total 102400K, used 86692K [0x0000000705200000, 0x0000000800000000)
  region size 2048K, 27 young (55296K), 3 survivors (6144K)
 Metaspace       used 83031K, committed 83840K, reserved 1179648K
  class space    used 12117K, committed 12480K, reserved 1048576K
}
Event: 9.749 GC heap after
{Heap after GC invocations=18 (full 0):
 garbage-first heap   total 102400K, used 43621K [0x0000000705200000, 0x0000000800000000)
  region size 2048K, 4 young (8192K), 4 survivors (8192K)
 Metaspace       used 83031K, committed 83840K, reserved 1179648K
  class space    used 12117K, committed 12480K, reserved 1048576K
}
Event: 21.667 GC heap before
{Heap before GC invocations=18 (full 0):
 garbage-first heap   total 102400K, used 82533K [0x0000000705200000, 0x0000000800000000)
  region size 2048K, 24 young (49152K), 4 survivors (8192K)
 Metaspace       used 89032K, committed 89792K, reserved 1179648K
  class space    used 12772K, committed 13120K, reserved 1048576K
}
Event: 21.675 GC heap after
{Heap after GC invocations=19 (full 0):
 garbage-first heap   total 102400K, used 46527K [0x0000000705200000, 0x0000000800000000)
  region size 2048K, 2 young (4096K), 2 survivors (4096K)
 Metaspace       used 89032K, committed 89792K, reserved 1179648K
  class space    used 12772K, committed 13120K, reserved 1048576K
}

